::1 - - [24/Oct/2019:16:34:55 +0000] "GET / HTTP/1.1" 200 2315 "-" "Mozilla/5.0 (Windows NT 10.0; Win64; x64) AppleWebKit/537.36 (KHTML, like Gecko) Chrome/77.0.3865.120 Safari/537.36"
::1 - - [24/Oct/2019:16:34:57 +0000] "GET /favicon.ico HTTP/1.1" 200 1261 "http://localhost:8081/" "Mozilla/5.0 (Windows NT 10.0; Win64; x64) AppleWebKit/537.36 (KHTML, like Gecko) Chrome/77.0.3865.120 Safari/537.36"
::1 - - [24/Oct/2019:16:35:02 +0000] "GET /viewUser HTTP/1.1" 200 2014 "http://localhost:8081/" "Mozilla/5.0 (Windows NT 10.0; Win64; x64) AppleWebKit/537.36 (KHTML, like Gecko) Chrome/77.0.3865.120 Safari/537.36"
::1 - - [24/Oct/2019:16:35:02 +0000] "GET /favicon.ico HTTP/1.1" 304 - "http://localhost:8081/viewUser" "Mozilla/5.0 (Windows NT 10.0; Win64; x64) AppleWebKit/537.36 (KHTML, like Gecko) Chrome/77.0.3865.120 Safari/537.36"
::1 - - [24/Oct/2019:16:35:04 +0000] "POST /viewUser HTTP/1.1" 200 1706 "http://localhost:8081/viewUser" "Mozilla/5.0 (Windows NT 10.0; Win64; x64) AppleWebKit/537.36 (KHTML, like Gecko) Chrome/77.0.3865.120 Safari/537.36"
::1 - - [24/Oct/2019:16:35:04 +0000] "GET /favicon.ico HTTP/1.1" 304 - "http://localhost:8081/viewUser" "Mozilla/5.0 (Windows NT 10.0; Win64; x64) AppleWebKit/537.36 (KHTML, like Gecko) Chrome/77.0.3865.120 Safari/537.36"
::1 - - [24/Oct/2019:16:35:07 +0000] "GET /viewUser HTTP/1.1" 200 2014 "http://localhost:8081/viewUser" "Mozilla/5.0 (Windows NT 10.0; Win64; x64) AppleWebKit/537.36 (KHTML, like Gecko) Chrome/77.0.3865.120 Safari/537.36"
::1 - - [24/Oct/2019:16:35:07 +0000] "GET /favicon.ico HTTP/1.1" 304 - "http://localhost:8081/viewUser" "Mozilla/5.0 (Windows NT 10.0; Win64; x64) AppleWebKit/537.36 (KHTML, like Gecko) Chrome/77.0.3865.120 Safari/537.36"
::1 - - [24/Oct/2019:16:35:08 +0000] "GET /delete HTTP/1.1" 200 2107 "http://localhost:8081/viewUser" "Mozilla/5.0 (Windows NT 10.0; Win64; x64) AppleWebKit/537.36 (KHTML, like Gecko) Chrome/77.0.3865.120 Safari/537.36"
::1 - - [24/Oct/2019:16:35:08 +0000] "GET /favicon.ico HTTP/1.1" 304 - "http://localhost:8081/delete" "Mozilla/5.0 (Windows NT 10.0; Win64; x64) AppleWebKit/537.36 (KHTML, like Gecko) Chrome/77.0.3865.120 Safari/537.36"
::1 - - [24/Oct/2019:16:35:09 +0000] "GET /update HTTP/1.1" 200 2611 "http://localhost:8081/delete" "Mozilla/5.0 (Windows NT 10.0; Win64; x64) AppleWebKit/537.36 (KHTML, like Gecko) Chrome/77.0.3865.120 Safari/537.36"
::1 - - [24/Oct/2019:16:35:09 +0000] "GET /favicon.ico HTTP/1.1" 304 - "http://localhost:8081/update" "Mozilla/5.0 (Windows NT 10.0; Win64; x64) AppleWebKit/537.36 (KHTML, like Gecko) Chrome/77.0.3865.120 Safari/537.36"
::1 - - [24/Oct/2019:16:35:10 +0000] "GET /login HTTP/1.1" 200 2365 "http://localhost:8081/update" "Mozilla/5.0 (Windows NT 10.0; Win64; x64) AppleWebKit/537.36 (KHTML, like Gecko) Chrome/77.0.3865.120 Safari/537.36"
::1 - - [24/Oct/2019:16:35:10 +0000] "GET /favicon.ico HTTP/1.1" 304 - "http://localhost:8081/login" "Mozilla/5.0 (Windows NT 10.0; Win64; x64) AppleWebKit/537.36 (KHTML, like Gecko) Chrome/77.0.3865.120 Safari/537.36"
::1 - - [24/Oct/2019:16:35:12 +0000] "GET /register HTTP/1.1" 200 2315 "http://localhost:8081/login" "Mozilla/5.0 (Windows NT 10.0; Win64; x64) AppleWebKit/537.36 (KHTML, like Gecko) Chrome/77.0.3865.120 Safari/537.36"
::1 - - [24/Oct/2019:16:35:12 +0000] "GET /favicon.ico HTTP/1.1" 304 - "http://localhost:8081/register" "Mozilla/5.0 (Windows NT 10.0; Win64; x64) AppleWebKit/537.36 (KHTML, like Gecko) Chrome/77.0.3865.120 Safari/537.36"
::1 - - [24/Oct/2019:16:36:49 +0000] "POST /addData HTTP/1.1" 302 60 "http://localhost:8081/register" "Mozilla/5.0 (Windows NT 10.0; Win64; x64) AppleWebKit/537.36 (KHTML, like Gecko) Chrome/77.0.3865.120 Safari/537.36"
::1 - - [24/Oct/2019:16:36:49 +0000] "GET /success HTTP/1.1" 200 1229 "http://localhost:8081/register" "Mozilla/5.0 (Windows NT 10.0; Win64; x64) AppleWebKit/537.36 (KHTML, like Gecko) Chrome/77.0.3865.120 Safari/537.36"
::1 - - [24/Oct/2019:16:36:49 +0000] "GET /favicon.ico HTTP/1.1" 304 - "http://localhost:8081/success" "Mozilla/5.0 (Windows NT 10.0; Win64; x64) AppleWebKit/537.36 (KHTML, like Gecko) Chrome/77.0.3865.120 Safari/537.36"
::1 - - [24/Oct/2019:16:37:30 +0000] "GET /register HTTP/1.1" 304 - "http://localhost:8081/success" "Mozilla/5.0 (Windows NT 10.0; Win64; x64) AppleWebKit/537.36 (KHTML, like Gecko) Chrome/77.0.3865.120 Safari/537.36"
::1 - - [24/Oct/2019:16:37:30 +0000] "GET /favicon.ico HTTP/1.1" 304 - "http://localhost:8081/register" "Mozilla/5.0 (Windows NT 10.0; Win64; x64) AppleWebKit/537.36 (KHTML, like Gecko) Chrome/77.0.3865.120 Safari/537.36"
::1 - - [24/Oct/2019:16:38:29 +0000] "GET /login HTTP/1.1" 304 - "http://localhost:8081/register" "Mozilla/5.0 (Windows NT 10.0; Win64; x64) AppleWebKit/537.36 (KHTML, like Gecko) Chrome/77.0.3865.120 Safari/537.36"
::1 - - [24/Oct/2019:16:38:29 +0000] "GET /favicon.ico HTTP/1.1" 304 - "http://localhost:8081/login" "Mozilla/5.0 (Windows NT 10.0; Win64; x64) AppleWebKit/537.36 (KHTML, like Gecko) Chrome/77.0.3865.120 Safari/537.36"
::1 - - [24/Oct/2019:16:38:38 +0000] "POST /login HTTP/1.1" 302 64 "http://localhost:8081/login" "Mozilla/5.0 (Windows NT 10.0; Win64; x64) AppleWebKit/537.36 (KHTML, like Gecko) Chrome/77.0.3865.120 Safari/537.36"
::1 - - [24/Oct/2019:16:38:38 +0000] "GET /dashboard HTTP/1.1" 200 1154 "http://localhost:8081/login" "Mozilla/5.0 (Windows NT 10.0; Win64; x64) AppleWebKit/537.36 (KHTML, like Gecko) Chrome/77.0.3865.120 Safari/537.36"
::1 - - [24/Oct/2019:16:38:38 +0000] "GET /favicon.ico HTTP/1.1" 304 - "http://localhost:8081/dashboard" "Mozilla/5.0 (Windows NT 10.0; Win64; x64) AppleWebKit/537.36 (KHTML, like Gecko) Chrome/77.0.3865.120 Safari/537.36"
::1 - - [24/Oct/2019:16:38:42 +0000] "GET /viewUser HTTP/1.1" 304 - "http://localhost:8081/dashboard" "Mozilla/5.0 (Windows NT 10.0; Win64; x64) AppleWebKit/537.36 (KHTML, like Gecko) Chrome/77.0.3865.120 Safari/537.36"
::1 - - [24/Oct/2019:16:38:42 +0000] "GET /favicon.ico HTTP/1.1" 304 - "http://localhost:8081/viewUser" "Mozilla/5.0 (Windows NT 10.0; Win64; x64) AppleWebKit/537.36 (KHTML, like Gecko) Chrome/77.0.3865.120 Safari/537.36"
::1 - - [24/Oct/2019:16:39:13 +0000] "GET /update HTTP/1.1" 304 - "http://localhost:8081/viewUser" "Mozilla/5.0 (Windows NT 10.0; Win64; x64) AppleWebKit/537.36 (KHTML, like Gecko) Chrome/77.0.3865.120 Safari/537.36"
::1 - - [24/Oct/2019:16:39:13 +0000] "GET /favicon.ico HTTP/1.1" 304 - "http://localhost:8081/update" "Mozilla/5.0 (Windows NT 10.0; Win64; x64) AppleWebKit/537.36 (KHTML, like Gecko) Chrome/77.0.3865.120 Safari/537.36"
::1 - - [24/Oct/2019:16:39:15 +0000] "GET /delete HTTP/1.1" 304 - "http://localhost:8081/update" "Mozilla/5.0 (Windows NT 10.0; Win64; x64) AppleWebKit/537.36 (KHTML, like Gecko) Chrome/77.0.3865.120 Safari/537.36"
::1 - - [24/Oct/2019:16:39:15 +0000] "GET /favicon.ico HTTP/1.1" 304 - "http://localhost:8081/delete" "Mozilla/5.0 (Windows NT 10.0; Win64; x64) AppleWebKit/537.36 (KHTML, like Gecko) Chrome/77.0.3865.120 Safari/537.36"
::1 - - [24/Oct/2019:16:39:16 +0000] "GET /update HTTP/1.1" 304 - "http://localhost:8081/delete" "Mozilla/5.0 (Windows NT 10.0; Win64; x64) AppleWebKit/537.36 (KHTML, like Gecko) Chrome/77.0.3865.120 Safari/537.36"
::1 - - [24/Oct/2019:16:39:16 +0000] "GET /favicon.ico HTTP/1.1" 304 - "http://localhost:8081/update" "Mozilla/5.0 (Windows NT 10.0; Win64; x64) AppleWebKit/537.36 (KHTML, like Gecko) Chrome/77.0.3865.120 Safari/537.36"
::1 - - [24/Oct/2019:16:39:19 +0000] "GET /viewUser HTTP/1.1" 304 - "http://localhost:8081/update" "Mozilla/5.0 (Windows NT 10.0; Win64; x64) AppleWebKit/537.36 (KHTML, like Gecko) Chrome/77.0.3865.120 Safari/537.36"
::1 - - [24/Oct/2019:16:39:19 +0000] "GET /favicon.ico HTTP/1.1" 304 - "http://localhost:8081/viewUser" "Mozilla/5.0 (Windows NT 10.0; Win64; x64) AppleWebKit/537.36 (KHTML, like Gecko) Chrome/77.0.3865.120 Safari/537.36"
::1 - - [24/Oct/2019:16:39:22 +0000] "POST /viewUser HTTP/1.1" 200 1826 "http://localhost:8081/viewUser" "Mozilla/5.0 (Windows NT 10.0; Win64; x64) AppleWebKit/537.36 (KHTML, like Gecko) Chrome/77.0.3865.120 Safari/537.36"
::1 - - [24/Oct/2019:16:39:22 +0000] "GET /favicon.ico HTTP/1.1" 304 - "http://localhost:8081/viewUser" "Mozilla/5.0 (Windows NT 10.0; Win64; x64) AppleWebKit/537.36 (KHTML, like Gecko) Chrome/77.0.3865.120 Safari/537.36"
::1 - - [24/Oct/2019:16:39:25 +0000] "GET /register HTTP/1.1" 304 - "http://localhost:8081/viewUser" "Mozilla/5.0 (Windows NT 10.0; Win64; x64) AppleWebKit/537.36 (KHTML, like Gecko) Chrome/77.0.3865.120 Safari/537.36"
::1 - - [24/Oct/2019:16:39:25 +0000] "GET /favicon.ico HTTP/1.1" 304 - "http://localhost:8081/register" "Mozilla/5.0 (Windows NT 10.0; Win64; x64) AppleWebKit/537.36 (KHTML, like Gecko) Chrome/77.0.3865.120 Safari/537.36"
::1 - - [24/Oct/2019:16:39:51 +0000] "POST /addData HTTP/1.1" 302 60 "http://localhost:8081/register" "Mozilla/5.0 (Windows NT 10.0; Win64; x64) AppleWebKit/537.36 (KHTML, like Gecko) Chrome/77.0.3865.120 Safari/537.36"
::1 - - [24/Oct/2019:16:39:51 +0000] "GET /success HTTP/1.1" 304 - "http://localhost:8081/register" "Mozilla/5.0 (Windows NT 10.0; Win64; x64) AppleWebKit/537.36 (KHTML, like Gecko) Chrome/77.0.3865.120 Safari/537.36"
::1 - - [24/Oct/2019:16:39:51 +0000] "GET /favicon.ico HTTP/1.1" 304 - "http://localhost:8081/success" "Mozilla/5.0 (Windows NT 10.0; Win64; x64) AppleWebKit/537.36 (KHTML, like Gecko) Chrome/77.0.3865.120 Safari/537.36"
::1 - - [31/Oct/2019:17:50:27 +0000] "GET / HTTP/1.1" 200 2315 "-" "Mozilla/5.0 (Windows NT 10.0; Win64; x64) AppleWebKit/537.36 (KHTML, like Gecko) Chrome/78.0.3904.70 Safari/537.36"
::1 - - [31/Oct/2019:17:50:28 +0000] "GET /favicon.ico HTTP/1.1" 304 - "http://localhost:8081/" "Mozilla/5.0 (Windows NT 10.0; Win64; x64) AppleWebKit/537.36 (KHTML, like Gecko) Chrome/78.0.3904.70 Safari/537.36"
::1 - - [31/Oct/2019:17:50:31 +0000] "GET /login HTTP/1.1" 200 2365 "http://localhost:8081/" "Mozilla/5.0 (Windows NT 10.0; Win64; x64) AppleWebKit/537.36 (KHTML, like Gecko) Chrome/78.0.3904.70 Safari/537.36"
::1 - - [31/Oct/2019:17:50:31 +0000] "GET /favicon.ico HTTP/1.1" 304 - "http://localhost:8081/login" "Mozilla/5.0 (Windows NT 10.0; Win64; x64) AppleWebKit/537.36 (KHTML, like Gecko) Chrome/78.0.3904.70 Safari/537.36"
::1 - - [31/Oct/2019:17:50:36 +0000] "GET /update HTTP/1.1" 304 - "http://localhost:8081/login" "Mozilla/5.0 (Windows NT 10.0; Win64; x64) AppleWebKit/537.36 (KHTML, like Gecko) Chrome/78.0.3904.70 Safari/537.36"
::1 - - [31/Oct/2019:17:50:36 +0000] "GET /favicon.ico HTTP/1.1" 304 - "http://localhost:8081/update" "Mozilla/5.0 (Windows NT 10.0; Win64; x64) AppleWebKit/537.36 (KHTML, like Gecko) Chrome/78.0.3904.70 Safari/537.36"
::1 - - [31/Oct/2019:17:50:41 +0000] "GET /viewUser HTTP/1.1" 200 2014 "http://localhost:8081/update" "Mozilla/5.0 (Windows NT 10.0; Win64; x64) AppleWebKit/537.36 (KHTML, like Gecko) Chrome/78.0.3904.70 Safari/537.36"
::1 - - [31/Oct/2019:17:50:41 +0000] "GET /favicon.ico HTTP/1.1" 304 - "http://localhost:8081/viewUser" "Mozilla/5.0 (Windows NT 10.0; Win64; x64) AppleWebKit/537.36 (KHTML, like Gecko) Chrome/78.0.3904.70 Safari/537.36"
::1 - - [31/Oct/2019:17:50:42 +0000] "GET /delete HTTP/1.1" 304 - "http://localhost:8081/viewUser" "Mozilla/5.0 (Windows NT 10.0; Win64; x64) AppleWebKit/537.36 (KHTML, like Gecko) Chrome/78.0.3904.70 Safari/537.36"
::1 - - [31/Oct/2019:17:50:43 +0000] "GET /favicon.ico HTTP/1.1" 304 - "http://localhost:8081/delete" "Mozilla/5.0 (Windows NT 10.0; Win64; x64) AppleWebKit/537.36 (KHTML, like Gecko) Chrome/78.0.3904.70 Safari/537.36"
::1 - - [31/Oct/2019:17:50:43 +0000] "GET /update HTTP/1.1" 304 - "http://localhost:8081/delete" "Mozilla/5.0 (Windows NT 10.0; Win64; x64) AppleWebKit/537.36 (KHTML, like Gecko) Chrome/78.0.3904.70 Safari/537.36"
::1 - - [31/Oct/2019:17:50:43 +0000] "GET /favicon.ico HTTP/1.1" 304 - "http://localhost:8081/update" "Mozilla/5.0 (Windows NT 10.0; Win64; x64) AppleWebKit/537.36 (KHTML, like Gecko) Chrome/78.0.3904.70 Safari/537.36"
::1 - - [31/Oct/2019:17:50:45 +0000] "GET /login HTTP/1.1" 304 - "http://localhost:8081/update" "Mozilla/5.0 (Windows NT 10.0; Win64; x64) AppleWebKit/537.36 (KHTML, like Gecko) Chrome/78.0.3904.70 Safari/537.36"
::1 - - [31/Oct/2019:17:50:45 +0000] "GET /favicon.ico HTTP/1.1" 304 - "http://localhost:8081/login" "Mozilla/5.0 (Windows NT 10.0; Win64; x64) AppleWebKit/537.36 (KHTML, like Gecko) Chrome/78.0.3904.70 Safari/537.36"
::1 - - [31/Oct/2019:17:50:56 +0000] "GET /forgotPassword HTTP/1.1" 200 2154 "http://localhost:8081/login" "Mozilla/5.0 (Windows NT 10.0; Win64; x64) AppleWebKit/537.36 (KHTML, like Gecko) Chrome/78.0.3904.70 Safari/537.36"
::1 - - [31/Oct/2019:17:50:56 +0000] "GET /favicon.ico HTTP/1.1" 304 - "http://localhost:8081/forgotPassword" "Mozilla/5.0 (Windows NT 10.0; Win64; x64) AppleWebKit/537.36 (KHTML, like Gecko) Chrome/78.0.3904.70 Safari/537.36"
::1 - - [31/Oct/2019:17:51:03 +0000] "GET /favicon.ico HTTP/1.1" 304 - "http://localhost:8081/login" "Mozilla/5.0 (Windows NT 10.0; Win64; x64) AppleWebKit/537.36 (KHTML, like Gecko) Chrome/78.0.3904.70 Safari/537.36"
::1 - - [31/Oct/2019:17:51:08 +0000] "GET /register HTTP/1.1" 304 - "http://localhost:8081/login" "Mozilla/5.0 (Windows NT 10.0; Win64; x64) AppleWebKit/537.36 (KHTML, like Gecko) Chrome/78.0.3904.70 Safari/537.36"
::1 - - [31/Oct/2019:17:51:08 +0000] "GET /favicon.ico HTTP/1.1" 304 - "http://localhost:8081/register" "Mozilla/5.0 (Windows NT 10.0; Win64; x64) AppleWebKit/537.36 (KHTML, like Gecko) Chrome/78.0.3904.70 Safari/537.36"
::1 - - [31/Oct/2019:17:53:21 +0000] "GET /register HTTP/1.1" 304 - "http://localhost:8081/register" "Mozilla/5.0 (Windows NT 10.0; Win64; x64) AppleWebKit/537.36 (KHTML, like Gecko) Chrome/78.0.3904.70 Safari/537.36"
::1 - - [31/Oct/2019:17:53:21 +0000] "GET /favicon.ico HTTP/1.1" 304 - "http://localhost:8081/register" "Mozilla/5.0 (Windows NT 10.0; Win64; x64) AppleWebKit/537.36 (KHTML, like Gecko) Chrome/78.0.3904.70 Safari/537.36"
::1 - - [31/Oct/2019:17:53:41 +0000] "POST /addData HTTP/1.1" 302 60 "http://localhost:8081/register" "Mozilla/5.0 (Windows NT 10.0; Win64; x64) AppleWebKit/537.36 (KHTML, like Gecko) Chrome/78.0.3904.70 Safari/537.36"
::1 - - [31/Oct/2019:17:53:41 +0000] "GET /success HTTP/1.1" 304 - "http://localhost:8081/register" "Mozilla/5.0 (Windows NT 10.0; Win64; x64) AppleWebKit/537.36 (KHTML, like Gecko) Chrome/78.0.3904.70 Safari/537.36"
::1 - - [31/Oct/2019:17:53:41 +0000] "GET /favicon.ico HTTP/1.1" 304 - "http://localhost:8081/success" "Mozilla/5.0 (Windows NT 10.0; Win64; x64) AppleWebKit/537.36 (KHTML, like Gecko) Chrome/78.0.3904.70 Safari/537.36"
::1 - - [31/Oct/2019:17:53:47 +0000] "GET /login HTTP/1.1" 304 - "http://localhost:8081/success" "Mozilla/5.0 (Windows NT 10.0; Win64; x64) AppleWebKit/537.36 (KHTML, like Gecko) Chrome/78.0.3904.70 Safari/537.36"
::1 - - [31/Oct/2019:17:53:47 +0000] "GET /favicon.ico HTTP/1.1" 304 - "http://localhost:8081/login" "Mozilla/5.0 (Windows NT 10.0; Win64; x64) AppleWebKit/537.36 (KHTML, like Gecko) Chrome/78.0.3904.70 Safari/537.36"
::1 - - [31/Oct/2019:17:53:54 +0000] "POST /login HTTP/1.1" 302 64 "http://localhost:8081/login" "Mozilla/5.0 (Windows NT 10.0; Win64; x64) AppleWebKit/537.36 (KHTML, like Gecko) Chrome/78.0.3904.70 Safari/537.36"
::1 - - [31/Oct/2019:17:53:54 +0000] "GET /dashboard HTTP/1.1" 200 1154 "http://localhost:8081/login" "Mozilla/5.0 (Windows NT 10.0; Win64; x64) AppleWebKit/537.36 (KHTML, like Gecko) Chrome/78.0.3904.70 Safari/537.36"
::1 - - [31/Oct/2019:17:53:54 +0000] "GET /favicon.ico HTTP/1.1" 304 - "http://localhost:8081/dashboard" "Mozilla/5.0 (Windows NT 10.0; Win64; x64) AppleWebKit/537.36 (KHTML, like Gecko) Chrome/78.0.3904.70 Safari/537.36"
::1 - - [31/Oct/2019:17:54:06 +0000] "GET /delete HTTP/1.1" 304 - "http://localhost:8081/dashboard" "Mozilla/5.0 (Windows NT 10.0; Win64; x64) AppleWebKit/537.36 (KHTML, like Gecko) Chrome/78.0.3904.70 Safari/537.36"
::1 - - [31/Oct/2019:17:54:06 +0000] "GET /favicon.ico HTTP/1.1" 304 - "http://localhost:8081/delete" "Mozilla/5.0 (Windows NT 10.0; Win64; x64) AppleWebKit/537.36 (KHTML, like Gecko) Chrome/78.0.3904.70 Safari/537.36"
::1 - - [31/Oct/2019:17:54:07 +0000] "GET /viewUser HTTP/1.1" 304 - "http://localhost:8081/delete" "Mozilla/5.0 (Windows NT 10.0; Win64; x64) AppleWebKit/537.36 (KHTML, like Gecko) Chrome/78.0.3904.70 Safari/537.36"
::1 - - [31/Oct/2019:17:54:07 +0000] "GET /favicon.ico HTTP/1.1" 304 - "http://localhost:8081/viewUser" "Mozilla/5.0 (Windows NT 10.0; Win64; x64) AppleWebKit/537.36 (KHTML, like Gecko) Chrome/78.0.3904.70 Safari/537.36"
::1 - - [31/Oct/2019:17:54:09 +0000] "POST /viewUser HTTP/1.1" 200 2048 "http://localhost:8081/viewUser" "Mozilla/5.0 (Windows NT 10.0; Win64; x64) AppleWebKit/537.36 (KHTML, like Gecko) Chrome/78.0.3904.70 Safari/537.36"
::1 - - [31/Oct/2019:17:54:09 +0000] "GET /favicon.ico HTTP/1.1" 304 - "http://localhost:8081/viewUser" "Mozilla/5.0 (Windows NT 10.0; Win64; x64) AppleWebKit/537.36 (KHTML, like Gecko) Chrome/78.0.3904.70 Safari/537.36"
::1 - - [31/Oct/2019:17:54:11 +0000] "GET /update HTTP/1.1" 304 - "http://localhost:8081/viewUser" "Mozilla/5.0 (Windows NT 10.0; Win64; x64) AppleWebKit/537.36 (KHTML, like Gecko) Chrome/78.0.3904.70 Safari/537.36"
::1 - - [31/Oct/2019:17:54:11 +0000] "GET /favicon.ico HTTP/1.1" 304 - "http://localhost:8081/update" "Mozilla/5.0 (Windows NT 10.0; Win64; x64) AppleWebKit/537.36 (KHTML, like Gecko) Chrome/78.0.3904.70 Safari/537.36"
::1 - - [31/Oct/2019:17:56:11 +0000] "GET /login HTTP/1.1" 200 2365 "http://localhost:8081/update" "Mozilla/5.0 (Windows NT 10.0; Win64; x64) AppleWebKit/537.36 (KHTML, like Gecko) Chrome/78.0.3904.70 Safari/537.36"
::1 - - [31/Oct/2019:17:56:11 +0000] "GET /favicon.ico HTTP/1.1" 304 - "http://localhost:8081/login" "Mozilla/5.0 (Windows NT 10.0; Win64; x64) AppleWebKit/537.36 (KHTML, like Gecko) Chrome/78.0.3904.70 Safari/537.36"
::1 - - [31/Oct/2019:17:56:12 +0000] "GET /update HTTP/1.1" 304 - "http://localhost:8081/login" "Mozilla/5.0 (Windows NT 10.0; Win64; x64) AppleWebKit/537.36 (KHTML, like Gecko) Chrome/78.0.3904.70 Safari/537.36"
::1 - - [31/Oct/2019:17:56:12 +0000] "GET /favicon.ico HTTP/1.1" 304 - "http://localhost:8081/update" "Mozilla/5.0 (Windows NT 10.0; Win64; x64) AppleWebKit/537.36 (KHTML, like Gecko) Chrome/78.0.3904.70 Safari/537.36"
::1 - - [31/Oct/2019:17:56:13 +0000] "GET /delete HTTP/1.1" 304 - "http://localhost:8081/update" "Mozilla/5.0 (Windows NT 10.0; Win64; x64) AppleWebKit/537.36 (KHTML, like Gecko) Chrome/78.0.3904.70 Safari/537.36"
::1 - - [31/Oct/2019:17:56:13 +0000] "GET /favicon.ico HTTP/1.1" 304 - "http://localhost:8081/delete" "Mozilla/5.0 (Windows NT 10.0; Win64; x64) AppleWebKit/537.36 (KHTML, like Gecko) Chrome/78.0.3904.70 Safari/537.36"
::1 - - [31/Oct/2019:17:56:14 +0000] "GET /viewUser HTTP/1.1" 200 2014 "http://localhost:8081/delete" "Mozilla/5.0 (Windows NT 10.0; Win64; x64) AppleWebKit/537.36 (KHTML, like Gecko) Chrome/78.0.3904.70 Safari/537.36"
::1 - - [31/Oct/2019:17:56:14 +0000] "GET /favicon.ico HTTP/1.1" 304 - "http://localhost:8081/viewUser" "Mozilla/5.0 (Windows NT 10.0; Win64; x64) AppleWebKit/537.36 (KHTML, like Gecko) Chrome/78.0.3904.70 Safari/537.36"
::1 - - [31/Oct/2019:17:56:15 +0000] "GET /delete HTTP/1.1" 304 - "http://localhost:8081/viewUser" "Mozilla/5.0 (Windows NT 10.0; Win64; x64) AppleWebKit/537.36 (KHTML, like Gecko) Chrome/78.0.3904.70 Safari/537.36"
::1 - - [31/Oct/2019:17:56:15 +0000] "GET /favicon.ico HTTP/1.1" 304 - "http://localhost:8081/delete" "Mozilla/5.0 (Windows NT 10.0; Win64; x64) AppleWebKit/537.36 (KHTML, like Gecko) Chrome/78.0.3904.70 Safari/537.36"
::1 - - [31/Oct/2019:17:56:17 +0000] "GET /login HTTP/1.1" 304 - "http://localhost:8081/delete" "Mozilla/5.0 (Windows NT 10.0; Win64; x64) AppleWebKit/537.36 (KHTML, like Gecko) Chrome/78.0.3904.70 Safari/537.36"
::1 - - [31/Oct/2019:17:56:17 +0000] "GET /favicon.ico HTTP/1.1" 304 - "http://localhost:8081/login" "Mozilla/5.0 (Windows NT 10.0; Win64; x64) AppleWebKit/537.36 (KHTML, like Gecko) Chrome/78.0.3904.70 Safari/537.36"
::1 - - [31/Oct/2019:17:56:18 +0000] "GET /register HTTP/1.1" 304 - "http://localhost:8081/login" "Mozilla/5.0 (Windows NT 10.0; Win64; x64) AppleWebKit/537.36 (KHTML, like Gecko) Chrome/78.0.3904.70 Safari/537.36"
::1 - - [31/Oct/2019:17:56:18 +0000] "GET /favicon.ico HTTP/1.1" 304 - "http://localhost:8081/register" "Mozilla/5.0 (Windows NT 10.0; Win64; x64) AppleWebKit/537.36 (KHTML, like Gecko) Chrome/78.0.3904.70 Safari/537.36"
::1 - - [09/Nov/2019:17:52:37 +0000] "GET / HTTP/1.1" 304 - "-" "Mozilla/5.0 (Windows NT 10.0; Win64; x64) AppleWebKit/537.36 (KHTML, like Gecko) Chrome/78.0.3904.87 Safari/537.36"
::1 - - [09/Nov/2019:17:52:37 +0000] "GET /favicon.ico HTTP/1.1" 304 - "http://localhost:8081/" "Mozilla/5.0 (Windows NT 10.0; Win64; x64) AppleWebKit/537.36 (KHTML, like Gecko) Chrome/78.0.3904.87 Safari/537.36"
::1 - - [09/Nov/2019:17:52:41 +0000] "GET /login HTTP/1.1" 304 - "http://localhost:8081/" "Mozilla/5.0 (Windows NT 10.0; Win64; x64) AppleWebKit/537.36 (KHTML, like Gecko) Chrome/78.0.3904.87 Safari/537.36"
::1 - - [09/Nov/2019:17:52:41 +0000] "GET /favicon.ico HTTP/1.1" 304 - "http://localhost:8081/login" "Mozilla/5.0 (Windows NT 10.0; Win64; x64) AppleWebKit/537.36 (KHTML, like Gecko) Chrome/78.0.3904.87 Safari/537.36"
::1 - - [09/Nov/2019:17:52:43 +0000] "GET /update HTTP/1.1" 304 - "http://localhost:8081/login" "Mozilla/5.0 (Windows NT 10.0; Win64; x64) AppleWebKit/537.36 (KHTML, like Gecko) Chrome/78.0.3904.87 Safari/537.36"
::1 - - [09/Nov/2019:17:52:43 +0000] "GET /favicon.ico HTTP/1.1" 304 - "http://localhost:8081/update" "Mozilla/5.0 (Windows NT 10.0; Win64; x64) AppleWebKit/537.36 (KHTML, like Gecko) Chrome/78.0.3904.87 Safari/537.36"
::1 - - [09/Nov/2019:17:52:45 +0000] "GET /delete HTTP/1.1" 304 - "http://localhost:8081/update" "Mozilla/5.0 (Windows NT 10.0; Win64; x64) AppleWebKit/537.36 (KHTML, like Gecko) Chrome/78.0.3904.87 Safari/537.36"
::1 - - [09/Nov/2019:17:52:45 +0000] "GET /favicon.ico HTTP/1.1" 304 - "http://localhost:8081/delete" "Mozilla/5.0 (Windows NT 10.0; Win64; x64) AppleWebKit/537.36 (KHTML, like Gecko) Chrome/78.0.3904.87 Safari/537.36"
::1 - - [09/Nov/2019:17:52:47 +0000] "GET /viewUser HTTP/1.1" 304 - "http://localhost:8081/delete" "Mozilla/5.0 (Windows NT 10.0; Win64; x64) AppleWebKit/537.36 (KHTML, like Gecko) Chrome/78.0.3904.87 Safari/537.36"
::1 - - [09/Nov/2019:17:52:47 +0000] "GET /favicon.ico HTTP/1.1" 304 - "http://localhost:8081/viewUser" "Mozilla/5.0 (Windows NT 10.0; Win64; x64) AppleWebKit/537.36 (KHTML, like Gecko) Chrome/78.0.3904.87 Safari/537.36"
::1 - - [09/Nov/2019:17:52:49 +0000] "POST /viewUser HTTP/1.1" 200 2048 "http://localhost:8081/viewUser" "Mozilla/5.0 (Windows NT 10.0; Win64; x64) AppleWebKit/537.36 (KHTML, like Gecko) Chrome/78.0.3904.87 Safari/537.36"
::1 - - [09/Nov/2019:17:52:49 +0000] "GET /favicon.ico HTTP/1.1" 304 - "http://localhost:8081/viewUser" "Mozilla/5.0 (Windows NT 10.0; Win64; x64) AppleWebKit/537.36 (KHTML, like Gecko) Chrome/78.0.3904.87 Safari/537.36"
::1 - - [09/Nov/2019:17:52:53 +0000] "GET /register HTTP/1.1" 304 - "http://localhost:8081/viewUser" "Mozilla/5.0 (Windows NT 10.0; Win64; x64) AppleWebKit/537.36 (KHTML, like Gecko) Chrome/78.0.3904.87 Safari/537.36"
::1 - - [09/Nov/2019:17:52:53 +0000] "GET /favicon.ico HTTP/1.1" 304 - "http://localhost:8081/register" "Mozilla/5.0 (Windows NT 10.0; Win64; x64) AppleWebKit/537.36 (KHTML, like Gecko) Chrome/78.0.3904.87 Safari/537.36"
::1 - - [09/Nov/2019:17:52:55 +0000] "GET /login HTTP/1.1" 304 - "http://localhost:8081/register" "Mozilla/5.0 (Windows NT 10.0; Win64; x64) AppleWebKit/537.36 (KHTML, like Gecko) Chrome/78.0.3904.87 Safari/537.36"
::1 - - [09/Nov/2019:17:52:55 +0000] "GET /favicon.ico HTTP/1.1" 304 - "http://localhost:8081/login" "Mozilla/5.0 (Windows NT 10.0; Win64; x64) AppleWebKit/537.36 (KHTML, like Gecko) Chrome/78.0.3904.87 Safari/537.36"
::1 - - [09/Nov/2019:17:52:56 +0000] "GET /update HTTP/1.1" 304 - "http://localhost:8081/login" "Mozilla/5.0 (Windows NT 10.0; Win64; x64) AppleWebKit/537.36 (KHTML, like Gecko) Chrome/78.0.3904.87 Safari/537.36"
::1 - - [09/Nov/2019:17:52:56 +0000] "GET /favicon.ico HTTP/1.1" 304 - "http://localhost:8081/update" "Mozilla/5.0 (Windows NT 10.0; Win64; x64) AppleWebKit/537.36 (KHTML, like Gecko) Chrome/78.0.3904.87 Safari/537.36"
::1 - - [09/Nov/2019:17:53:00 +0000] "GET /login HTTP/1.1" 304 - "http://localhost:8081/update" "Mozilla/5.0 (Windows NT 10.0; Win64; x64) AppleWebKit/537.36 (KHTML, like Gecko) Chrome/78.0.3904.87 Safari/537.36"
::1 - - [09/Nov/2019:17:53:00 +0000] "GET /favicon.ico HTTP/1.1" 304 - "http://localhost:8081/login" "Mozilla/5.0 (Windows NT 10.0; Win64; x64) AppleWebKit/537.36 (KHTML, like Gecko) Chrome/78.0.3904.87 Safari/537.36"
::1 - - [09/Nov/2019:17:59:52 +0000] "GET /register HTTP/1.1" 304 - "http://localhost:8081/login" "Mozilla/5.0 (Windows NT 10.0; Win64; x64) AppleWebKit/537.36 (KHTML, like Gecko) Chrome/78.0.3904.87 Safari/537.36"
::1 - - [09/Nov/2019:17:59:52 +0000] "GET /favicon.ico HTTP/1.1" 304 - "http://localhost:8081/register" "Mozilla/5.0 (Windows NT 10.0; Win64; x64) AppleWebKit/537.36 (KHTML, like Gecko) Chrome/78.0.3904.87 Safari/537.36"
::1 - - [09/Nov/2019:17:59:54 +0000] "GET /delete HTTP/1.1" 304 - "http://localhost:8081/register" "Mozilla/5.0 (Windows NT 10.0; Win64; x64) AppleWebKit/537.36 (KHTML, like Gecko) Chrome/78.0.3904.87 Safari/537.36"
::1 - - [09/Nov/2019:17:59:54 +0000] "GET /favicon.ico HTTP/1.1" 304 - "http://localhost:8081/delete" "Mozilla/5.0 (Windows NT 10.0; Win64; x64) AppleWebKit/537.36 (KHTML, like Gecko) Chrome/78.0.3904.87 Safari/537.36"
::1 - - [09/Nov/2019:17:59:58 +0000] "GET /viewUser HTTP/1.1" 200 2014 "http://localhost:8081/delete" "Mozilla/5.0 (Windows NT 10.0; Win64; x64) AppleWebKit/537.36 (KHTML, like Gecko) Chrome/78.0.3904.87 Safari/537.36"
::1 - - [09/Nov/2019:17:59:58 +0000] "GET /favicon.ico HTTP/1.1" 304 - "http://localhost:8081/viewUser" "Mozilla/5.0 (Windows NT 10.0; Win64; x64) AppleWebKit/537.36 (KHTML, like Gecko) Chrome/78.0.3904.87 Safari/537.36"
::1 - - [09/Nov/2019:17:59:59 +0000] "GET /update HTTP/1.1" 304 - "http://localhost:8081/viewUser" "Mozilla/5.0 (Windows NT 10.0; Win64; x64) AppleWebKit/537.36 (KHTML, like Gecko) Chrome/78.0.3904.87 Safari/537.36"
::1 - - [09/Nov/2019:17:59:59 +0000] "GET /favicon.ico HTTP/1.1" 304 - "http://localhost:8081/update" "Mozilla/5.0 (Windows NT 10.0; Win64; x64) AppleWebKit/537.36 (KHTML, like Gecko) Chrome/78.0.3904.87 Safari/537.36"
::1 - - [09/Nov/2019:18:00:16 +0000] "GET /register HTTP/1.1" 304 - "http://localhost:8081/update" "Mozilla/5.0 (Windows NT 10.0; Win64; x64) AppleWebKit/537.36 (KHTML, like Gecko) Chrome/78.0.3904.87 Safari/537.36"
::1 - - [09/Nov/2019:18:00:16 +0000] "GET /favicon.ico HTTP/1.1" 304 - "http://localhost:8081/register" "Mozilla/5.0 (Windows NT 10.0; Win64; x64) AppleWebKit/537.36 (KHTML, like Gecko) Chrome/78.0.3904.87 Safari/537.36"
::1 - - [09/Nov/2019:18:00:17 +0000] "GET /delete HTTP/1.1" 304 - "http://localhost:8081/register" "Mozilla/5.0 (Windows NT 10.0; Win64; x64) AppleWebKit/537.36 (KHTML, like Gecko) Chrome/78.0.3904.87 Safari/537.36"
::1 - - [09/Nov/2019:18:00:17 +0000] "GET /favicon.ico HTTP/1.1" 304 - "http://localhost:8081/delete" "Mozilla/5.0 (Windows NT 10.0; Win64; x64) AppleWebKit/537.36 (KHTML, like Gecko) Chrome/78.0.3904.87 Safari/537.36"
